mobileApp/app/build/outputs/logs/manifest-merger-debug-report.txt
-- Merging decision tree log ---
manifest
ADDED from AndroidManifest.xml:2:1
	xmlns:android
		ADDED from AndroidManifest.xml:2:11
	package
		ADDED from AndroidManifest.xml:3:5
		INJECTED from AndroidManifest.xml:0:0
		INJECTED from AndroidManifest.xml:0:0
	android:versionName
		ADDED from AndroidManifest.xml:5:5
	android:versionCode
		ADDED from AndroidManifest.xml:4:5
		INJECTED from AndroidManifest.xml:0:0
		INJECTED from AndroidManifest.xml:0:0
uses-sdk
ADDED from AndroidManifest.xml:7:5
MERGED from com.google.android.gms:play-services:5.0.89:15:5
	android:targetSdkVersion
		ADDED from AndroidManifest.xml:9:9
		INJECTED from AndroidManifest.xml:0:0
		INJECTED from AndroidManifest.xml:0:0
	android:minSdkVersion
		ADDED from AndroidManifest.xml:8:9
		INJECTED from AndroidManifest.xml:0:0
		INJECTED from AndroidManifest.xml:0:0
uses-permission#android.permission.INTERNET
ADDED from AndroidManifest.xml:11:5
	android:name
		ADDED from AndroidManifest.xml:11:22
uses-permission#android.permission.ACCESS_NETWORK_STATE
ADDED from AndroidManifest.xml:12:5
	android:name
		ADDED from AndroidManifest.xml:12:22
uses-permission#android.permission.READ_EXTERNAL_STORAGE
ADDED from AndroidManifest.xml:13:5
	android:name
		ADDED from AndroidManifest.xml:13:22
uses-permission#android.permission.WRITE_EXTERNAL_STORAGE
ADDED from AndroidManifest.xml:14:5
	android:name
		ADDED from AndroidManifest.xml:14:22
uses-permission#android.permission.READ_PHONE_STATE
ADDED from AndroidManifest.xml:15:5
	android:name
		ADDED from AndroidManifest.xml:15:22
uses-permission#android.permission.RECORD_AUDIO
ADDED from AndroidManifest.xml:16:5
	android:name
		ADDED from AndroidManifest.xml:16:22
application
ADDED from AndroidManifest.xml:18:5
MERGED from com.google.android.gms:play-services:5.0.89:16:5
	android:label
		ADDED from AndroidManifest.xml:18:18
activity#com.amazonaws.demo.s3_transfer_manager.HomeActivity
ADDED from AndroidManifest.xml:19:9
	android:label
		ADDED from AndroidManifest.xml:21:13
	android:name
		ADDED from AndroidManifest.xml:20:13
intent-filter#android.intent.action.MAIN+android.intent.category.LAUNCHER
ADDED from AndroidManifest.xml:22:13
action#android.intent.action.MAIN
ADDED from AndroidManifest.xml:23:17
	android:name
		ADDED from AndroidManifest.xml:23:25
category#android.intent.category.LAUNCHER
ADDED from AndroidManifest.xml:25:17
	android:name
		ADDED from AndroidManifest.xml:25:27
service#com.amazonaws.demo.s3_transfer_manager.network.NetworkService
ADDED from AndroidManifest.xml:30:9
	android:exported
		ADDED from AndroidManifest.xml:32:13
	android:name
		ADDED from AndroidManifest.xml:31:13
activity#com.amazonaws.demo.s3_transfer_manager.DashboardActivity
ADDED from AndroidManifest.xml:34:9
	android:label
		ADDED from AndroidManifest.xml:36:13
	android:name
		ADDED from AndroidManifest.xml:35:13
activity#com.amazonaws.demo.s3_transfer_manager.MainActivity
ADDED from AndroidManifest.xml:38:9
	android:label
		ADDED from AndroidManifest.xml:40:13
	android:name
		ADDED from AndroidManifest.xml:39:13
activity#com.amazonaws.demo.s3_transfer_manager.CommentActivity
ADDED from AndroidManifest.xml:42:9
	android:label
		ADDED from AndroidManifest.xml:44:13
	android:name
		ADDED from AndroidManifest.xml:43:13